********************************************************************************
DUPLICATOR-LITE PACKAGE-LOG: 2016-12-25 06:26:01
NOTICE: Do NOT post to public sites or forums 
********************************************************************************
VERSION:	1.1.26
WORDPRESS:	4.7
PHP INFO:	5.3.4 | SAPI: apache2handler
SERVER:		Apache/2.2.17 (Win32) PHP/5.3.4 
PHP TIME LIMIT: (0) no time limit imposed 
PHP MAX MEMORY: 2048M (128M default) 
MEMORY STACK: 67.5MB 

********************************************************************************
DATABASE:
********************************************************************************
BUILD MODE:   PHP(query limit - 100)
MYSQLTIMEOUT: 5000
MYSQLDUMP:    Not Supported 
TABLES: total:21 | filtered:0 | create:21 
FILTERED: [] 
SQL CREATED: 20161225_thecoffeebean813_585f6663ac13e9808161225062539_database.sql 
SQL FILE SIZE: 989.18KB (1012916) 
SQL FILE TIME: 2016-12-25 06:26:01 
SQL RUNTIME: 0.17 sec. 

******************************************************************************** 
ARCHIVE (ZIP): 
******************************************************************************** 
ARCHIVE DIR:  C:/wamp/www 
ARCHIVE FILE: 20161225_thecoffeebean813_585f6663ac13e9808161225062539_archive.zip 
FILTERS: *OFF* 
DIRS: not set 
EXTS:  not set 
---------------------------------------- 
COMPRESSING 
SIZE:	73.53MB 
STATS:	Dirs 756 | Files 4,751 
SQL ADDED: 20161225_thecoffeebean813_585f6663ac13e9808161225062539_database.sql 
ZipArchive Object
(
    [status] => 0
    [statusSys] => 0
    [numFiles] => 5507
    [filename] => C:\wamp\www\wp-snapshots\tmp\20161225_thecoffeebean813_585f6663ac13e9808161225062539_archive.zip
    [comment] => 
)
 
